flappy-bird/app/build/intermediates/manifest_merge_blame_file/debug/processDebugMainManifest/manifest-merger-blame-debug-report.txt
1<?xml version="1.0" encoding="utf-8"?>
2<manifest xmlns:android="http://schemas.android.com/apk/res/android"
3    package="com.example.flappybird"
4    android:versionCode="1"
5    android:versionName="1.0" >
6
7    <uses-sdk
8        android:minSdkVersion="21"
9        android:targetSdkVersion="34" />
10
11    <application
11-->src/main/AndroidManifest.xml:5:5-19:19
12        android:allowBackup="true"
12-->src/main/AndroidManifest.xml:9:9-35
13        android:debuggable="true"
14        android:extractNativeLibs="true"
15        android:icon="@android:drawable/sym_def_app_icon"
15-->src/main/AndroidManifest.xml:7:9-58
16        android:label="Flappy Bird"
16-->src/main/AndroidManifest.xml:6:9-36
17        android:roundIcon="@android:drawable/sym_def_app_icon"
17-->src/main/AndroidManifest.xml:8:9-63
18        android:supportsRtl="true" >
18-->src/main/AndroidManifest.xml:10:9-35
19        <activity
19-->src/main/AndroidManifest.xml:11:9-18:20
20            android:name="com.example.flappybird.MainActivity"
20-->src/main/AndroidManifest.xml:12:13-41
21            android:exported="true" >
21-->src/main/AndroidManifest.xml:13:13-36
22            <intent-filter>
22-->src/main/AndroidManifest.xml:14:13-17:29
23                <action android:name="android.intent.action.MAIN" />
23-->src/main/AndroidManifest.xml:15:17-69
23-->src/main/AndroidManifest.xml:15:25-66
24
25                <category android:name="android.intent.category.LAUNCHER" />
25-->src/main/AndroidManifest.xml:16:17-77
25-->src/main/AndroidManifest.xml:16:27-74
26            </intent-filter>
27        </activity>
28    </application>
29
30</manifest>